TN:
SF:src/IO/IO.js
FN:4,(anonymous_0)
FN:6,(anonymous_1)
FN:9,(anonymous_2)
FN:9,(anonymous_3)
FN:10,(anonymous_4)
FN:11,(anonymous_5)
FN:18,(anonymous_6)
FN:19,(anonymous_7)
FN:26,(anonymous_8)
FN:26,(anonymous_9)
FN:34,(anonymous_10)
FN:34,(anonymous_11)
FN:41,(anonymous_12)
FNF:13
FNH:12
FNDA:0,(anonymous_0)
FNDA:9907,(anonymous_1)
FNDA:2500,(anonymous_2)
FNDA:2400,(anonymous_3)
FNDA:1300,(anonymous_4)
FNDA:1200,(anonymous_5)
FNDA:700,(anonymous_6)
FNDA:600,(anonymous_7)
FNDA:900,(anonymous_8)
FNDA:800,(anonymous_9)
FNDA:2101,(anonymous_10)
FNDA:2000,(anonymous_11)
FNDA:2600,(anonymous_12)
DA:1,1
DA:3,1
DA:4,1
DA:6,1
DA:7,9907
DA:9,2500
DA:11,1300
DA:12,1200
DA:13,1200
DA:14,100
DA:15,1100
DA:19,700
DA:20,600
DA:21,600
DA:22,100
DA:23,500
DA:26,900
DA:34,2101
DA:36,1
DA:37,1
DA:38,1
DA:40,1
DA:41,2600
DA:44,1
LF:24
LH:24
BRDA:13,0,0,100
BRDA:13,0,1,1100
BRDA:21,1,0,100
BRDA:21,1,1,500
BRDA:21,2,0,600
BRDA:21,2,1,591
BRF:6
BRH:6
end_of_record
TN:
SF:src/IO/IO.spec.js
FN:8,(anonymous_0)
FN:9,(anonymous_1)
FN:12,(anonymous_2)
FN:16,(anonymous_3)
FN:19,(anonymous_4)
FN:22,(anonymous_5)
FN:25,(anonymous_6)
FN:30,(anonymous_7)
FN:31,(anonymous_8)
FN:41,(anonymous_9)
FN:42,(anonymous_10)
FN:44,(anonymous_11)
FN:45,(anonymous_12)
FN:50,(anonymous_13)
FN:52,(anonymous_14)
FN:57,(anonymous_15)
FN:59,(anonymous_16)
FN:62,(anonymous_17)
FN:68,(anonymous_18)
FN:69,(anonymous_19)
FN:71,(anonymous_20)
FN:72,(anonymous_21)
FN:74,(anonymous_22)
FN:84,(anonymous_23)
FN:85,(anonymous_24)
FN:87,(anonymous_25)
FN:88,(anonymous_26)
FN:89,(anonymous_27)
FN:96,(anonymous_28)
FN:98,(anonymous_29)
FN:104,(anonymous_30)
FN:110,(anonymous_31)
FN:112,(anonymous_32)
FN:116,(anonymous_33)
FN:117,(anonymous_34)
FN:117,(anonymous_35)
FN:117,(anonymous_36)
FN:128,(anonymous_37)
FN:129,(anonymous_38)
FN:132,(anonymous_39)
FN:134,(anonymous_40)
FN:139,(anonymous_41)
FN:143,(anonymous_42)
FN:145,(anonymous_43)
FN:146,(anonymous_44)
FN:147,(anonymous_45)
FN:148,(anonymous_46)
FN:155,(anonymous_47)
FN:157,(anonymous_48)
FN:158,(anonymous_49)
FN:159,(anonymous_50)
FN:159,(anonymous_51)
FN:160,(anonymous_52)
FN:160,(anonymous_53)
FN:167,(anonymous_54)
FN:176,(anonymous_55)
FN:177,(anonymous_56)
FN:180,(anonymous_57)
FN:182,(anonymous_58)
FN:183,(anonymous_59)
FN:184,(anonymous_60)
FN:188,(anonymous_61)
FN:190,(anonymous_62)
FN:192,(anonymous_63)
FN:199,(anonymous_64)
FN:210,(anonymous_65)
FN:211,(anonymous_66)
FN:214,(anonymous_67)
FN:217,(anonymous_68)
FN:219,(anonymous_69)
FN:228,(anonymous_70)
FN:238,(anonymous_71)
FNF:72
FNH:67
FNDA:1,(anonymous_0)
FNDA:1,(anonymous_1)
FNDA:1,(anonymous_2)
FNDA:1,(anonymous_3)
FNDA:1,(anonymous_4)
FNDA:1,(anonymous_5)
FNDA:1,(anonymous_6)
FNDA:1,(anonymous_7)
FNDA:1,(anonymous_8)
FNDA:1,(anonymous_9)
FNDA:1,(anonymous_10)
FNDA:100,(anonymous_11)
FNDA:0,(anonymous_12)
FNDA:1,(anonymous_13)
FNDA:100,(anonymous_14)
FNDA:1,(anonymous_15)
FNDA:100,(anonymous_16)
FNDA:100,(anonymous_17)
FNDA:200,(anonymous_18)
FNDA:200,(anonymous_19)
FNDA:100,(anonymous_20)
FNDA:100,(anonymous_21)
FNDA:100,(anonymous_22)
FNDA:1,(anonymous_23)
FNDA:1,(anonymous_24)
FNDA:100,(anonymous_25)
FNDA:100,(anonymous_26)
FNDA:100,(anonymous_27)
FNDA:1,(anonymous_28)
FNDA:100,(anonymous_29)
FNDA:0,(anonymous_30)
FNDA:1,(anonymous_31)
FNDA:284,(anonymous_32)
FNDA:600,(anonymous_33)
FNDA:100,(anonymous_34)
FNDA:100,(anonymous_35)
FNDA:100,(anonymous_36)
FNDA:1,(anonymous_37)
FNDA:1,(anonymous_38)
FNDA:1,(anonymous_39)
FNDA:100,(anonymous_40)
FNDA:0,(anonymous_41)
FNDA:1,(anonymous_42)
FNDA:100,(anonymous_43)
FNDA:200,(anonymous_44)
FNDA:100,(anonymous_45)
FNDA:100,(anonymous_46)
FNDA:1,(anonymous_47)
FNDA:100,(anonymous_48)
FNDA:200,(anonymous_49)
FNDA:200,(anonymous_50)
FNDA:200,(anonymous_51)
FNDA:200,(anonymous_52)
FNDA:200,(anonymous_53)
FNDA:100,(anonymous_54)
FNDA:1,(anonymous_55)
FNDA:1,(anonymous_56)
FNDA:1,(anonymous_57)
FNDA:100,(anonymous_58)
FNDA:0,(anonymous_59)
FNDA:0,(anonymous_60)
FNDA:1,(anonymous_61)
FNDA:100,(anonymous_62)
FNDA:200,(anonymous_63)
FNDA:200,(anonymous_64)
FNDA:1,(anonymous_65)
FNDA:1,(anonymous_66)
FNDA:1,(anonymous_67)
FNDA:1,(anonymous_68)
FNDA:306,(anonymous_69)
FNDA:200,(anonymous_70)
FNDA:100,(anonymous_71)
DA:1,1
DA:2,1
DA:3,1
DA:4,1
DA:5,1
DA:6,1
DA:8,1
DA:9,1
DA:10,1
DA:12,1
DA:13,1
DA:14,1
DA:16,1
DA:17,1
DA:19,1
DA:20,1
DA:22,1
DA:23,1
DA:25,1
DA:26,1
DA:30,1
DA:31,1
DA:32,1
DA:33,1
DA:35,1
DA:37,1
DA:41,1
DA:42,1
DA:43,1
DA:45,100
DA:46,100
DA:50,1
DA:51,1
DA:53,100
DA:57,1
DA:58,1
DA:61,100
DA:62,100
DA:68,200
DA:69,200
DA:70,100
DA:71,100
DA:72,100
DA:74,100
DA:84,1
DA:85,1
DA:86,1
DA:88,100
DA:89,100
DA:91,100
DA:92,100
DA:96,1
DA:97,1
DA:99,100
DA:100,100
DA:101,100
DA:104,0
DA:110,1
DA:111,1
DA:113,284
DA:116,600
DA:117,100
DA:119,100
DA:120,100
DA:122,100
DA:128,1
DA:129,1
DA:130,1
DA:132,1
DA:133,1
DA:135,100
DA:139,100
DA:143,1
DA:144,1
DA:146,200
DA:147,100
DA:148,100
DA:150,100
DA:151,100
DA:155,1
DA:156,1
DA:158,200
DA:159,200
DA:160,200
DA:162,100
DA:164,100
DA:167,100
DA:176,1
DA:177,1
DA:178,1
DA:180,1
DA:181,1
DA:183,100
DA:184,100
DA:188,1
DA:189,1
DA:192,200
DA:194,100
DA:199,200
DA:201,100
DA:210,1
DA:211,1
DA:212,1
DA:214,1
DA:215,1
DA:217,1
DA:218,1
DA:220,306
DA:223,100
DA:225,100
DA:228,200
DA:230,100
DA:236,100
DA:238,100
LF:114
LH:113
BRF:0
BRH:0
end_of_record
TN:
SF:src/Identity/Identity.js
FN:10,(anonymous_0)
FN:12,(anonymous_1)
FN:14,(anonymous_2)
FN:15,(anonymous_3)
FN:16,(anonymous_4)
FN:24,(anonymous_5)
FN:30,(anonymous_6)
FN:43,(anonymous_7)
FNF:8
FNH:7
FNDA:0,(anonymous_0)
FNDA:4810,(anonymous_1)
FNDA:1902,(anonymous_2)
FNDA:907,(anonymous_3)
FNDA:800,(anonymous_4)
FNDA:406,(anonymous_5)
FNDA:600,(anonymous_6)
FNDA:1006,(anonymous_7)
DA:7,1
DA:9,1
DA:10,1
DA:12,1
DA:13,4810
DA:14,1902
DA:15,907
DA:17,800
DA:19,800
DA:20,100
DA:22,700
DA:25,406
DA:26,0
DA:28,406
DA:30,600
DA:38,1
DA:39,1
DA:40,1
DA:42,1
DA:43,1006
DA:46,1
LF:21
LH:20
BRDA:19,0,0,100
BRDA:19,0,1,700
BRDA:19,1,0,800
BRDA:19,1,1,792
BRDA:19,1,2,700
BRDA:25,2,0,0
BRDA:25,2,1,406
BRF:7
BRH:6
end_of_record
TN:
SF:src/Identity/Identity.spec.js
FN:6,(anonymous_0)
FN:7,(anonymous_1)
FN:10,(anonymous_2)
FN:13,(anonymous_3)
FN:15,(anonymous_4)
FN:18,(anonymous_5)
FN:21,(anonymous_6)
FN:24,(anonymous_7)
FN:26,(anonymous_8)
FN:31,(anonymous_9)
FN:33,(anonymous_10)
FN:38,(anonymous_11)
FN:42,(anonymous_12)
FN:48,(anonymous_13)
FN:49,(anonymous_14)
FN:51,(anonymous_15)
FN:70,(anonymous_16)
FN:71,(anonymous_17)
FN:73,(anonymous_18)
FN:80,(anonymous_19)
FN:81,(anonymous_20)
FN:83,(anonymous_21)
FN:89,(anonymous_22)
FN:91,(anonymous_23)
FN:96,(anonymous_24)
FN:98,(anonymous_25)
FN:99,(anonymous_26)
FN:100,(anonymous_27)
FN:101,(anonymous_28)
FN:105,(anonymous_29)
FN:118,(anonymous_30)
FN:119,(anonymous_31)
FN:121,(anonymous_32)
FN:127,(anonymous_33)
FN:129,(anonymous_34)
FN:131,(anonymous_35)
FN:138,(anonymous_36)
FN:139,(anonymous_37)
FN:140,(anonymous_38)
FN:142,(anonymous_39)
FN:146,(anonymous_40)
FN:153,(anonymous_41)
FN:154,(anonymous_42)
FN:155,(anonymous_43)
FN:155,(anonymous_44)
FN:155,(anonymous_45)
FN:168,(anonymous_46)
FN:169,(anonymous_47)
FN:171,(anonymous_48)
FNF:49
FNH:49
FNDA:1,(anonymous_0)
FNDA:1,(anonymous_1)
FNDA:1,(anonymous_2)
FNDA:1,(anonymous_3)
FNDA:100,(anonymous_4)
FNDA:1,(anonymous_5)
FNDA:1,(anonymous_6)
FNDA:1,(anonymous_7)
FNDA:100,(anonymous_8)
FNDA:1,(anonymous_9)
FNDA:100,(anonymous_10)
FNDA:100,(anonymous_11)
FNDA:100,(anonymous_12)
FNDA:1,(anonymous_13)
FNDA:1,(anonymous_14)
FNDA:100,(anonymous_15)
FNDA:1,(anonymous_16)
FNDA:1,(anonymous_17)
FNDA:100,(anonymous_18)
FNDA:1,(anonymous_19)
FNDA:1,(anonymous_20)
FNDA:100,(anonymous_21)
FNDA:1,(anonymous_22)
FNDA:100,(anonymous_23)
FNDA:1,(anonymous_24)
FNDA:100,(anonymous_25)
FNDA:200,(anonymous_26)
FNDA:200,(anonymous_27)
FNDA:100,(anonymous_28)
FNDA:100,(anonymous_29)
FNDA:1,(anonymous_30)
FNDA:1,(anonymous_31)
FNDA:100,(anonymous_32)
FNDA:1,(anonymous_33)
FNDA:100,(anonymous_34)
FNDA:100,(anonymous_35)
FNDA:1,(anonymous_36)
FNDA:200,(anonymous_37)
FNDA:200,(anonymous_38)
FNDA:100,(anonymous_39)
FNDA:100,(anonymous_40)
FNDA:1,(anonymous_41)
FNDA:1,(anonymous_42)
FNDA:1,(anonymous_43)
FNDA:1,(anonymous_44)
FNDA:1,(anonymous_45)
FNDA:1,(anonymous_46)
FNDA:1,(anonymous_47)
FNDA:100,(anonymous_48)
DA:1,1
DA:2,1
DA:3,1
DA:4,1
DA:6,1
DA:7,1
DA:8,1
DA:10,1
DA:11,1
DA:13,1
DA:14,1
DA:15,100
DA:18,1
DA:19,1
DA:21,1
DA:22,1
DA:24,1
DA:25,1
DA:27,100
DA:31,1
DA:32,1
DA:34,100
DA:36,100
DA:38,100
DA:42,100
DA:48,1
DA:49,1
DA:50,1
DA:53,100
DA:55,100
DA:60,100
DA:64,100
DA:70,1
DA:71,1
DA:72,1
DA:74,100
DA:80,1
DA:81,1
DA:82,1
DA:84,100
DA:85,100
DA:89,1
DA:90,1
DA:92,100
DA:96,1
DA:97,1
DA:99,200
DA:100,200
DA:101,100
DA:103,100
DA:105,100
DA:109,100
DA:118,1
DA:119,1
DA:120,1
DA:122,100
DA:123,100
DA:127,1
DA:128,1
DA:130,100
DA:131,100
DA:132,100
DA:138,1
DA:139,200
DA:140,200
DA:141,1
DA:143,100
DA:145,100
DA:146,100
DA:153,1
DA:154,1
DA:155,1
DA:156,1
DA:157,1
DA:158,1
DA:161,1
DA:168,1
DA:169,1
DA:170,1
DA:172,100
DA:173,100
DA:176,100
DA:178,100
DA:182,100
LF:84
LH:84
BRF:0
BRH:0
end_of_record
TN:
SF:src/Task/Task.js
FN:10,(anonymous_0)
FN:12,(anonymous_1)
FN:15,(anonymous_2)
FN:16,(anonymous_3)
FN:16,(anonymous_4)
FN:18,(anonymous_5)
FN:19,(anonymous_6)
FN:19,(anonymous_7)
FN:21,(anonymous_8)
FN:22,(anonymous_9)
FN:24,(anonymous_10)
FN:24,(anonymous_11)
FN:35,(anonymous_12)
FN:35,(anonymous_13)
FN:42,(anonymous_14)
FNF:15
FNH:14
FNDA:0,(anonymous_0)
FNDA:3239,(anonymous_1)
FNDA:107,(anonymous_2)
FNDA:106,(anonymous_3)
FNDA:105,(anonymous_4)
FNDA:305,(anonymous_5)
FNDA:204,(anonymous_6)
FNDA:204,(anonymous_7)
FNDA:1002,(anonymous_8)
FNDA:1002,(anonymous_9)
FNDA:1002,(anonymous_10)
FNDA:1002,(anonymous_11)
FNDA:1705,(anonymous_12)
FNDA:2104,(anonymous_13)
FNDA:1002,(anonymous_14)
DA:7,1
DA:9,1
DA:10,1
DA:12,1
DA:13,3239
DA:16,107
DA:19,305
DA:22,1002
DA:23,1002
DA:24,1002
DA:35,2104
DA:37,1
DA:38,1
DA:39,1
DA:41,1
DA:42,1002
DA:45,1
LF:17
LH:17
BRF:0
BRH:0
end_of_record
TN:
SF:src/Task/Task.spec.js
FN:7,(anonymous_0)
FN:8,(anonymous_1)
FN:11,(anonymous_2)
FN:15,(anonymous_3)
FN:18,(anonymous_4)
FN:19,(anonymous_5)
FN:21,(anonymous_6)
FN:24,(anonymous_7)
FN:27,(anonymous_8)
FN:28,(anonymous_9)
FN:30,(anonymous_10)
FN:32,(anonymous_11)
FN:33,(anonymous_12)
FN:46,(anonymous_13)
FN:47,(anonymous_14)
FN:56,(anonymous_15)
FN:57,(anonymous_16)
FN:58,(anonymous_17)
FN:59,(anonymous_18)
FN:70,(anonymous_19)
FN:74,(anonymous_20)
FN:83,(anonymous_21)
FN:87,(anonymous_22)
FN:98,(anonymous_23)
FN:99,(anonymous_24)
FN:100,(anonymous_25)
FN:103,(anonymous_26)
FN:104,(anonymous_27)
FN:107,(anonymous_28)
FN:114,(anonymous_29)
FN:118,(anonymous_30)
FN:127,(anonymous_31)
FN:128,(anonymous_32)
FN:129,(anonymous_33)
FN:130,(anonymous_34)
FN:136,(anonymous_35)
FN:146,(anonymous_36)
FN:149,(anonymous_37)
FN:160,(anonymous_38)
FN:161,(anonymous_39)
FN:173,(anonymous_40)
FN:175,(anonymous_41)
FN:178,(anonymous_42)
FN:178,(anonymous_43)
FN:178,(anonymous_44)
FN:198,(anonymous_45)
FN:199,(anonymous_46)
FN:202,(anonymous_47)
FN:205,(anonymous_48)
FN:207,(anonymous_49)
FN:225,(anonymous_50)
FN:234,(anonymous_51)
FN:235,(anonymous_52)
FN:236,(anonymous_53)
FN:238,(anonymous_54)
FN:240,(anonymous_55)
FN:248,(anonymous_56)
FN:253,(anonymous_57)
FN:253,(anonymous_58)
FN:254,(anonymous_59)
FN:254,(anonymous_60)
FN:257,(anonymous_61)
FN:261,(anonymous_62)
FN:262,(anonymous_63)
FNF:64
FNH:59
FNDA:1,(anonymous_0)
FNDA:1,(anonymous_1)
FNDA:1,(anonymous_2)
FNDA:1,(anonymous_3)
FNDA:1,(anonymous_4)
FNDA:0,(anonymous_5)
FNDA:1,(anonymous_6)
FNDA:1,(anonymous_7)
FNDA:1,(anonymous_8)
FNDA:0,(anonymous_9)
FNDA:1,(anonymous_10)
FNDA:100,(anonymous_11)
FNDA:200,(anonymous_12)
FNDA:100,(anonymous_13)
FNDA:100,(anonymous_14)
FNDA:1,(anonymous_15)
FNDA:1,(anonymous_16)
FNDA:2,(anonymous_17)
FNDA:1,(anonymous_18)
FNDA:1,(anonymous_19)
FNDA:1,(anonymous_20)
FNDA:1,(anonymous_21)
FNDA:1,(anonymous_22)
FNDA:1,(anonymous_23)
FNDA:1,(anonymous_24)
FNDA:0,(anonymous_25)
FNDA:1,(anonymous_26)
FNDA:0,(anonymous_27)
FNDA:1,(anonymous_28)
FNDA:1,(anonymous_29)
FNDA:1,(anonymous_30)
FNDA:1,(anonymous_31)
FNDA:2,(anonymous_32)
FNDA:2,(anonymous_33)
FNDA:1,(anonymous_34)
FNDA:1,(anonymous_35)
FNDA:1,(anonymous_36)
FNDA:1,(anonymous_37)
FNDA:1,(anonymous_38)
FNDA:1,(anonymous_39)
FNDA:1,(anonymous_40)
FNDA:289,(anonymous_41)
FNDA:100,(anonymous_42)
FNDA:100,(anonymous_43)
FNDA:100,(anonymous_44)
FNDA:1,(anonymous_45)
FNDA:1,(anonymous_46)
FNDA:1,(anonymous_47)
FNDA:1,(anonymous_48)
FNDA:304,(anonymous_49)
FNDA:100,(anonymous_50)
FNDA:1,(anonymous_51)
FNDA:1,(anonymous_52)
FNDA:0,(anonymous_53)
FNDA:1,(anonymous_54)
FNDA:100,(anonymous_55)
FNDA:1,(anonymous_56)
FNDA:2,(anonymous_57)
FNDA:2,(anonymous_58)
FNDA:2,(anonymous_59)
FNDA:2,(anonymous_60)
FNDA:1,(anonymous_61)
FNDA:1,(anonymous_62)
FNDA:1,(anonymous_63)
DA:1,1
DA:2,1
DA:3,1
DA:4,1
DA:5,1
DA:7,1
DA:8,1
DA:9,1
DA:11,1
DA:12,1
DA:13,1
DA:15,1
DA:16,1
DA:18,1
DA:19,1
DA:21,1
DA:22,1
DA:24,1
DA:25,1
DA:27,1
DA:28,1
DA:30,1
DA:31,1
DA:33,200
DA:34,100
DA:35,100
DA:38,100
DA:39,100
DA:41,100
DA:44,100
DA:45,100
DA:46,100
DA:47,100
DA:50,100
DA:56,1
DA:57,1
DA:58,2
DA:59,1
DA:60,1
DA:61,1
DA:62,1
DA:63,1
DA:64,1
DA:65,1
DA:66,1
DA:67,1
DA:68,1
DA:70,1
DA:71,1
DA:72,1
DA:73,1
DA:74,1
DA:76,1
DA:78,1
DA:79,1
DA:81,1
DA:83,1
DA:84,1
DA:85,1
DA:86,1
DA:87,1
DA:89,1
DA:91,1
DA:92,1
DA:94,1
DA:98,1
DA:99,1
DA:100,1
DA:101,1
DA:103,1
DA:104,1
DA:105,1
DA:107,1
DA:108,1
DA:109,1
DA:110,1
DA:111,1
DA:112,1
DA:114,1
DA:118,1
DA:122,1
DA:123,1
DA:125,1
DA:127,1
DA:128,2
DA:129,2
DA:130,1
DA:131,1
DA:134,1
DA:136,1
DA:140,1
DA:143,1
DA:144,1
DA:146,1
DA:149,1
DA:154,1
DA:156,1
DA:160,1
DA:161,1
DA:162,1
DA:163,1
DA:164,1
DA:166,1
DA:167,1
DA:171,1
DA:173,1
DA:174,1
DA:176,289
DA:178,100
DA:179,100
DA:181,100
DA:182,100
DA:184,100
DA:190,100
DA:192,100
DA:198,1
DA:199,1
DA:200,1
DA:202,1
DA:203,1
DA:205,1
DA:206,1
DA:208,304
DA:210,100
DA:211,100
DA:212,100
DA:215,100
DA:216,100
DA:217,100
DA:218,100
DA:219,100
DA:222,100
DA:223,100
DA:224,100
DA:225,100
DA:228,100
DA:234,1
DA:235,1
DA:236,1
DA:238,1
DA:239,1
DA:241,100
DA:243,100
DA:244,100
DA:248,1
DA:250,1
DA:251,1
DA:253,2
DA:254,2
DA:255,1
DA:257,1
DA:261,1
DA:262,1
DA:265,1
LF:154
LH:154
BRF:0
BRH:0
end_of_record
TN:
SF:src/helpers/index.js
FN:1,(anonymous_0)
FN:2,(anonymous_1)
FN:3,(anonymous_2)
FN:3,(anonymous_3)
FN:4,(anonymous_4)
FN:4,(anonymous_5)
FN:6,(anonymous_6)
FN:6,(anonymous_7)
FN:6,(anonymous_8)
FN:6,(anonymous_9)
FN:13,(anonymous_10)
FN:13,(anonymous_11)
FN:13,(anonymous_12)
FN:13,(anonymous_13)
FN:24,(anonymous_14)
FN:24,(anonymous_15)
FN:24,(anonymous_16)
FN:28,(anonymous_17)
FN:28,(anonymous_18)
FN:28,(anonymous_19)
FN:37,(anonymous_20)
FNF:21
FNH:20
FNDA:3308,(anonymous_0)
FNDA:18056,(anonymous_1)
FNDA:200,(anonymous_2)
FNDA:200,(anonymous_3)
FNDA:24225,(anonymous_4)
FNDA:47142,(anonymous_5)
FNDA:2,(anonymous_6)
FNDA:36918,(anonymous_7)
FNDA:36917,(anonymous_8)
FNDA:18975,(anonymous_9)
FNDA:1,(anonymous_10)
FNDA:3240,(anonymous_11)
FNDA:3240,(anonymous_12)
FNDA:2229,(anonymous_13)
FNDA:1,(anonymous_14)
FNDA:1,(anonymous_15)
FNDA:4811,(anonymous_16)
FNDA:32773,(anonymous_17)
FNDA:32773,(anonymous_18)
FNDA:4608,(anonymous_19)
FNDA:0,(anonymous_20)
DA:1,3308
DA:2,18056
DA:3,200
DA:4,47142
DA:5,1
DA:6,36918
DA:7,18975
DA:8,0
DA:9,18975
DA:10,508
DA:11,18467
DA:13,3240
DA:14,2229
DA:15,0
DA:16,2229
DA:17,4449
DA:18,9
DA:19,0
DA:22,2220
DA:24,1
DA:25,4811
DA:26,4810
DA:28,32773
DA:29,4608
DA:34,288
DA:35,4308
DA:37,1
DA:39,1
LF:28
LH:25
BRDA:7,0,0,0
BRDA:7,0,1,18975
BRDA:9,1,0,508
BRDA:9,1,1,18467
BRDA:14,2,0,0
BRDA:14,2,1,2229
BRDA:17,3,0,9
BRDA:17,3,1,4440
BRDA:25,4,0,1
BRDA:25,4,1,4810
BRDA:29,5,0,288
BRDA:29,5,1,4308
BRDA:30,6,0,4608
BRDA:30,6,1,4608
BRDA:30,6,2,4308
BRF:15
BRH:13
end_of_record
TN:
SF:src/helpers/index.spec.js
FN:18,(anonymous_0)
FN:19,(anonymous_1)
FN:21,(anonymous_2)
FN:29,(anonymous_3)
FN:30,(anonymous_4)
FN:32,(anonymous_5)
FN:41,(anonymous_6)
FN:42,(anonymous_7)
FN:44,(anonymous_8)
FN:51,(anonymous_9)
FN:52,(anonymous_10)
FN:59,(anonymous_11)
FN:75,(anonymous_12)
FN:76,(anonymous_13)
FN:77,(anonymous_14)
FN:85,(anonymous_15)
FN:86,(anonymous_16)
FN:87,(anonymous_17)
FN:90,(anonymous_18)
FN:94,(anonymous_19)
FN:95,(anonymous_20)
FN:96,(anonymous_21)
FN:97,(anonymous_22)
FN:103,(anonymous_23)
FN:104,(anonymous_24)
FN:105,(anonymous_25)
FN:109,(anonymous_26)
FN:110,(anonymous_27)
FN:114,(anonymous_28)
FN:115,(anonymous_29)
FN:119,(anonymous_30)
FN:120,(anonymous_31)
FN:122,(anonymous_32)
FN:123,(anonymous_33)
FNF:34
FNH:28
FNDA:1,(anonymous_0)
FNDA:1,(anonymous_1)
FNDA:251,(anonymous_2)
FNDA:1,(anonymous_3)
FNDA:1,(anonymous_4)
FNDA:100,(anonymous_5)
FNDA:1,(anonymous_6)
FNDA:1,(anonymous_7)
FNDA:100,(anonymous_8)
FNDA:1,(anonymous_9)
FNDA:1,(anonymous_10)
FNDA:100,(anonymous_11)
FNDA:1,(anonymous_12)
FNDA:1,(anonymous_13)
FNDA:0,(anonymous_14)
FNDA:1,(anonymous_15)
FNDA:1,(anonymous_16)
FNDA:1,(anonymous_17)
FNDA:0,(anonymous_18)
FNDA:1,(anonymous_19)
FNDA:1,(anonymous_20)
FNDA:1,(anonymous_21)
FNDA:0,(anonymous_22)
FNDA:1,(anonymous_23)
FNDA:1,(anonymous_24)
FNDA:1,(anonymous_25)
FNDA:0,(anonymous_26)
FNDA:1,(anonymous_27)
FNDA:0,(anonymous_28)
FNDA:0,(anonymous_29)
FNDA:1,(anonymous_30)
FNDA:1,(anonymous_31)
FNDA:100,(anonymous_32)
FNDA:100,(anonymous_33)
DA:1,1
DA:2,1
DA:3,1
DA:4,1
DA:5,1
DA:16,1
DA:18,1
DA:19,1
DA:20,1
DA:22,251
DA:23,100
DA:29,1
DA:30,1
DA:31,1
DA:33,100
DA:35,100
DA:41,1
DA:42,1
DA:43,1
DA:45,100
DA:51,1
DA:52,1
DA:53,1
DA:60,100
DA:61,100
DA:62,100
DA:63,100
DA:65,100
DA:66,100
DA:67,100
DA:68,100
DA:75,1
DA:76,1
DA:77,1
DA:78,1
DA:79,1
DA:80,1
DA:81,1
DA:85,1
DA:86,1
DA:87,1
DA:88,1
DA:89,1
DA:90,1
DA:94,1
DA:95,1
DA:96,1
DA:97,1
DA:98,1
DA:99,1
DA:103,1
DA:104,1
DA:105,1
DA:106,1
DA:113,1
DA:114,1
DA:115,1
DA:119,1
DA:120,1
DA:121,1
DA:123,100
DA:125,100
DA:126,100
LF:63
LH:63
BRF:0
BRH:0
end_of_record
